[2025-02-12T00:25:17Z INFO procvamp] test
[2025-02-12T00:30:16Z DEBUG procvamp] Initialised logging system
[2025-02-16T23:47:29Z DEBUG procvamp] Initialised logging system
[2025-02-16T23:47:29Z ERROR procvamp::log::log] panicked at src/main.rs:17:14:
called `Result::unwrap()` on an `Err` value: Failed to find module '[System Process]
[2025-02-16T23:59:43Z DEBUG procvamp] Initialised logging system
[2025-02-17T00:09:06Z DEBUG procvamp] Initialised logging system
[2025-02-17T02:28:37Z DEBUG procvamp] Initialised logging system
[2025-02-17T02:47:56Z DEBUG procvamp] Initialised logging system
[2025-02-17T02:55:13Z DEBUG procvamp] Initialised logging system
[2025-02-17T03:11:43Z DEBUG procvamp] Initialised logging system
[2025-02-17T03:14:12Z DEBUG procvamp] Initialised logging system
[2025-02-17T03:19:18Z DEBUG procvamp] Initialised logging system
[2025-02-17T03:20:21Z DEBUG procvamp] Initialised logging system
[2025-02-17T03:21:14Z DEBUG procvamp] Initialised logging system
[2025-02-17T03:21:37Z DEBUG procvamp] Initialised logging system
[2025-02-17T03:21:48Z DEBUG procvamp] Initialised logging system
[2025-02-17T03:22:03Z DEBUG procvamp] Initialised logging system
[2025-02-17T03:22:48Z DEBUG procvamp] Initialised logging system
[2025-02-17T03:23:18Z DEBUG procvamp] Initialised logging system
[2025-02-17T03:23:51Z DEBUG procvamp] Initialised logging system
[2025-02-17T03:24:32Z DEBUG procvamp] Initialised logging system
[2025-02-17T03:25:10Z DEBUG procvamp] Initialised logging system
[2025-02-17T03:25:24Z DEBUG procvamp] Initialised logging system
[2025-02-17T03:26:53Z DEBUG procvamp] Initialised logging system
[2025-02-17T03:27:22Z DEBUG procvamp] Initialised logging system
[2025-02-17T03:45:53Z DEBUG procvamp] Initialised logging system
[2025-02-17T03:46:39Z DEBUG procvamp] Initialised logging system
[2025-02-17T04:02:30Z DEBUG procvamp] Initialised logging system
[2025-02-17T04:02:53Z DEBUG procvamp] Initialised logging system
[2025-02-17T04:03:22Z DEBUG procvamp] Initialised logging system
[2025-02-17T04:06:11Z DEBUG procvamp] Initialised logging system
[2025-02-17T04:06:25Z DEBUG procvamp] Initialised logging system
[2025-02-17T04:06:38Z DEBUG procvamp] Initialised logging system
[2025-02-17T04:11:30Z DEBUG procvamp] Initialised logging system
[2025-02-17T04:16:18Z DEBUG procvamp] Initialised logging system
[2025-02-17T04:16:39Z DEBUG procvamp] Initialised logging system
[2025-02-17T04:18:01Z DEBUG procvamp] Initialised logging system
[2025-02-17T04:18:21Z DEBUG procvamp] Initialised logging system
[2025-02-17T04:18:34Z DEBUG procvamp] Initialised logging system
[2025-02-17T04:18:44Z DEBUG procvamp] Initialised logging system
[2025-02-17T04:18:56Z DEBUG procvamp] Initialised logging system
[2025-02-17T04:19:10Z DEBUG procvamp] Initialised logging system
[2025-02-17T04:19:24Z DEBUG procvamp] Initialised logging system
[2025-02-17T04:20:33Z DEBUG procvamp] Initialised logging system
[2025-02-17T04:20:50Z DEBUG procvamp] Initialised logging system
[2025-02-17T04:21:09Z DEBUG procvamp] Initialised logging system
[2025-02-17T04:21:22Z DEBUG procvamp] Initialised logging system
[2025-02-17T04:21:39Z DEBUG procvamp] Initialised logging system
[2025-02-17T04:21:54Z DEBUG procvamp] Initialised logging system
[2025-02-17T04:22:29Z DEBUG procvamp] Initialised logging system
[2025-02-17T04:22:50Z DEBUG procvamp] Initialised logging system
[2025-02-17T04:23:06Z DEBUG procvamp] Initialised logging system
[2025-02-17T04:23:17Z DEBUG procvamp] Initialised logging system
[2025-02-17T04:23:31Z DEBUG procvamp] Initialised logging system
[2025-02-17T04:23:45Z DEBUG procvamp] Initialised logging system
[2025-02-17T04:24:07Z DEBUG procvamp] Initialised logging system
[2025-02-17T04:24:20Z DEBUG procvamp] Initialised logging system
[2025-02-17T04:24:35Z DEBUG procvamp] Initialised logging system
[2025-02-17T04:26:27Z DEBUG procvamp] Initialised logging system
[2025-02-17T04:27:26Z DEBUG procvamp] Initialised logging system
[2025-02-17T04:28:17Z DEBUG procvamp] Initialised logging system
[2025-02-17T04:29:25Z DEBUG procvamp] Initialised logging system
[2025-02-17T04:29:38Z DEBUG procvamp] Initialised logging system
[2025-02-17T04:32:07Z DEBUG procvamp] Initialised logging system
[2025-02-17T04:34:06Z DEBUG procvamp] Initialised logging system
[2025-02-17T04:34:37Z DEBUG procvamp] Initialised logging system
[2025-02-19T22:23:08Z DEBUG procvamp] Initialised logging system
[2025-02-19T22:25:39Z DEBUG procvamp] Initialised logging system
[2025-02-20T00:11:47Z DEBUG procvamp] Initialised logging system
[2025-02-20T00:13:56Z DEBUG procvamp] Initialised logging system
[2025-02-20T00:13:56Z ERROR procvamp::log::log] panicked at src\gui\main\attach\attach.rs:70:45:
Added more `Table` columns than were pre-allocated (1 pre-allocated)
[2025-02-20T00:14:39Z DEBUG procvamp] Initialised logging system
[2025-02-20T00:15:17Z DEBUG procvamp] Initialised logging system
[2025-02-20T00:15:35Z DEBUG procvamp] Initialised logging system
[2025-02-20T00:16:33Z DEBUG procvamp] Initialised logging system
[2025-02-20T00:17:15Z DEBUG procvamp] Initialised logging system
[2025-02-20T00:17:28Z DEBUG procvamp] Initialised logging system
[2025-02-20T00:17:43Z DEBUG procvamp] Initialised logging system
[2025-02-20T00:21:43Z DEBUG procvamp] Initialised logging system
[2025-02-20T00:21:58Z DEBUG procvamp] Initialised logging system
[2025-02-20T00:22:21Z DEBUG procvamp] Initialised logging system
[2025-02-20T00:23:10Z DEBUG procvamp] Initialised logging system
[2025-02-20T00:23:35Z DEBUG procvamp] Initialised logging system
[2025-02-20T00:23:57Z DEBUG procvamp] Initialised logging system
[2025-02-20T00:24:09Z DEBUG procvamp] Initialised logging system
[2025-02-20T00:24:27Z DEBUG procvamp] Initialised logging system
[2025-02-20T00:24:41Z DEBUG procvamp] Initialised logging system
[2025-02-20T00:24:51Z DEBUG procvamp] Initialised logging system
[2025-02-20T00:25:58Z DEBUG procvamp] Initialised logging system
[2025-02-20T00:26:12Z DEBUG procvamp] Initialised logging system
[2025-02-20T00:26:34Z DEBUG procvamp] Initialised logging system
[2025-02-20T00:26:44Z DEBUG procvamp] Initialised logging system
[2025-02-20T00:26:58Z DEBUG procvamp] Initialised logging system
[2025-02-20T00:47:06Z DEBUG procvamp] Initialised logging system
[2025-02-20T00:48:01Z DEBUG procvamp] Initialised logging system
[2025-02-20T00:49:01Z DEBUG procvamp] Initialised logging system
[2025-02-20T00:50:07Z DEBUG procvamp] Initialised logging system
[2025-02-20T00:55:31Z DEBUG procvamp] Initialised logging system
[2025-02-20T00:58:21Z DEBUG procvamp] Initialised logging system
[2025-02-20T00:58:39Z DEBUG procvamp] Initialised logging system
[2025-02-20T00:58:55Z DEBUG procvamp] Initialised logging system
[2025-02-20T00:59:26Z DEBUG procvamp] Initialised logging system
[2025-02-20T00:59:56Z DEBUG procvamp] Initialised logging system
[2025-02-20T01:00:13Z DEBUG procvamp] Initialised logging system
[2025-02-20T01:00:54Z DEBUG procvamp] Initialised logging system
[2025-02-20T01:01:27Z DEBUG procvamp] Initialised logging system
[2025-02-20T01:01:41Z DEBUG procvamp] Initialised logging system
[2025-02-20T01:10:28Z DEBUG procvamp] Initialised logging system
[2025-02-20T01:11:56Z DEBUG procvamp] Initialised logging system
[2025-02-20T01:12:39Z DEBUG procvamp] Initialised logging system
[2025-02-20T01:13:11Z DEBUG procvamp] Initialised logging system
[2025-02-20T01:13:46Z DEBUG procvamp] Initialised logging system
[2025-02-20T01:14:57Z DEBUG procvamp] Initialised logging system
[2025-02-20T01:15:01Z DEBUG procvamp] Initialised logging system
[2025-02-20T01:25:17Z DEBUG procvamp] Initialised logging system
[2025-02-20T01:25:45Z DEBUG procvamp] Initialised logging system
[2025-02-20T01:29:46Z DEBUG procvamp] Initialised logging system
[2025-02-20T01:30:15Z DEBUG procvamp] Initialised logging system
[2025-02-20T01:31:41Z DEBUG procvamp] Initialised logging system
[2025-02-20T01:33:18Z DEBUG procvamp] Initialised logging system
[2025-02-20T01:33:36Z DEBUG procvamp] Initialised logging system
[2025-02-20T01:33:52Z DEBUG procvamp] Initialised logging system
[2025-02-20T01:34:22Z DEBUG procvamp] Initialised logging system
[2025-02-20T01:34:44Z DEBUG procvamp] Initialised logging system
[2025-02-20T01:34:53Z DEBUG procvamp] Initialised logging system
[2025-02-20T01:35:12Z DEBUG procvamp] Initialised logging system
[2025-02-20T01:36:25Z DEBUG procvamp] Initialised logging system
[2025-02-20T01:36:37Z DEBUG procvamp] Initialised logging system
[2025-02-20T01:36:54Z DEBUG procvamp] Initialised logging system
[2025-02-20T01:37:02Z DEBUG procvamp] Initialised logging system
[2025-02-20T01:38:17Z DEBUG procvamp] Initialised logging system
[2025-02-20T01:38:43Z DEBUG procvamp] Initialised logging system
[2025-02-20T01:41:43Z DEBUG procvamp] Initialised logging system
[2025-02-20T01:46:26Z DEBUG procvamp] Initialised logging system
[2025-02-20T01:54:38Z DEBUG procvamp] Initialised logging system
[2025-02-20T01:57:46Z DEBUG procvamp] Initialised logging system
[2025-02-20T01:58:08Z DEBUG procvamp] Initialised logging system
[2025-02-20T01:58:17Z DEBUG procvamp] Initialised logging system
[2025-02-20T01:58:56Z DEBUG procvamp] Initialised logging system
[2025-02-20T01:59:08Z DEBUG procvamp] Initialised logging system
[2025-02-20T01:59:28Z DEBUG procvamp] Initialised logging system
[2025-02-20T01:59:38Z DEBUG procvamp] Initialised logging system
[2025-02-20T02:00:05Z DEBUG procvamp] Initialised logging system
[2025-02-20T02:00:26Z DEBUG procvamp] Initialised logging system
[2025-02-20T02:11:49Z DEBUG procvamp] Initialised logging system
[2025-02-20T02:12:15Z DEBUG procvamp] Initialised logging system
[2025-02-20T02:12:44Z DEBUG procvamp] Initialised logging system
[2025-02-20T02:38:39Z DEBUG procvamp] Initialised logging system
[2025-02-21T01:42:29Z DEBUG procvamp] Initialised logging system
[2025-02-21T01:43:19Z DEBUG procvamp] Initialised logging system
[2025-02-21T01:44:21Z DEBUG procvamp] Initialised logging system
[2025-02-21T01:45:18Z DEBUG procvamp] Initialised logging system
[2025-02-21T01:45:43Z DEBUG procvamp] Initialised logging system
[2025-02-21T01:48:23Z DEBUG procvamp] Initialised logging system
[2025-02-21T01:49:14Z DEBUG procvamp] Initialised logging system
[2025-02-21T01:49:55Z DEBUG procvamp] Initialised logging system
[2025-02-21T01:51:04Z DEBUG procvamp] Initialised logging system
[2025-02-21T02:39:53Z DEBUG procvamp] Initialised logging system
[2025-02-21T02:39:55Z ERROR procvamp::log::log] panicked at C:\Users\dx9\.cargo\registry\src\index.crates.io-6f17d22bba15001f\egui_dock-0.14.0\src\dock_state\tree\mod.rs:477:9:
assertion `left != right` failed
  left: 0
 right: 0
[2025-02-21T02:42:05Z DEBUG procvamp] Initialised logging system
[2025-02-21T03:28:09Z DEBUG procvamp] Initialised logging system
[2025-02-21T04:02:02Z DEBUG procvamp] Initialised logging system
[2025-02-21T04:29:43Z DEBUG procvamp] Initialised logging system
[2025-02-21T04:30:40Z DEBUG procvamp] Initialised logging system
[2025-02-21T04:34:02Z DEBUG procvamp] Initialised logging system
[2025-02-21T04:35:59Z DEBUG procvamp] Initialised logging system
[2025-02-21T04:37:00Z DEBUG procvamp] Initialised logging system
[2025-02-21T04:41:11Z DEBUG procvamp] Initialised logging system
[2025-02-21T04:41:33Z DEBUG procvamp] Initialised logging system
[2025-02-21T04:43:43Z DEBUG procvamp] Initialised logging system
[2025-02-24T14:07:10Z DEBUG procvamp] Initialised logging system
[2025-02-24T14:53:49Z DEBUG procvamp] Initialised logging system
[2025-02-24T14:55:42Z DEBUG procvamp] Initialised logging system
[2025-02-24T14:56:53Z DEBUG procvamp] Initialised logging system
[2025-02-24T15:32:43Z DEBUG procvamp] Initialised logging system
[2025-02-24T16:47:21Z ERROR procvamp::log::log] panicked at src\gui\main\toolbar\toolbar.rs:24:61:
called `Result::unwrap()` on an `Err` value: Access is denied. (0x80070005)
[2025-02-25T16:39:31Z DEBUG procvamp] Initialised logging system
[2025-02-25T16:49:00Z DEBUG procvamp] Initialised logging system
[2025-02-25T16:49:33Z DEBUG procvamp] Initialised logging system
[2025-02-25T16:52:43Z DEBUG procvamp] Initialised logging system
[2025-02-25T16:53:28Z DEBUG procvamp] Initialised logging system
[2025-02-25T17:02:00Z DEBUG procvamp] Initialised logging system
[2025-02-25T17:02:42Z DEBUG procvamp] Initialised logging system
[2025-02-25T17:03:02Z DEBUG procvamp] Initialised logging system
[2025-02-25T17:03:43Z DEBUG procvamp] Initialised logging system
[2025-02-25T17:05:11Z DEBUG procvamp] Initialised logging system
[2025-02-25T17:06:34Z DEBUG procvamp] Initialised logging system
[2025-02-25T17:06:59Z DEBUG procvamp] Initialised logging system
[2025-02-25T17:07:18Z DEBUG procvamp] Initialised logging system
[2025-02-25T17:15:45Z DEBUG procvamp] Initialised logging system
[2025-02-25T17:16:27Z DEBUG procvamp] Initialised logging system
[2025-02-25T17:16:46Z DEBUG procvamp] Initialised logging system
[2025-02-25T17:17:05Z DEBUG procvamp] Initialised logging system
[2025-02-25T17:19:07Z DEBUG procvamp] Initialised logging system
[2025-02-25T17:19:37Z DEBUG procvamp] Initialised logging system
[2025-02-25T17:20:43Z DEBUG procvamp] Initialised logging system
[2025-02-25T17:21:51Z DEBUG procvamp] Initialised logging system
[2025-02-25T17:23:20Z DEBUG procvamp] Initialised logging system
[2025-02-25T17:23:51Z DEBUG procvamp] Initialised logging system
[2025-02-25T17:24:44Z DEBUG procvamp] Initialised logging system
[2025-02-27T01:43:03Z DEBUG procvamp] Initialised logging system
[2025-03-05T00:13:54Z DEBUG procvamp] Initialised logging system
[2025-03-05T00:15:26Z DEBUG procvamp] Initialised logging system
[2025-03-05T00:16:28Z DEBUG procvamp] Initialised logging system
[2025-03-05T00:23:09Z DEBUG procvamp] Initialised logging system
[2025-03-05T00:23:36Z DEBUG procvamp] Initialised logging system
[2025-03-05T00:25:06Z DEBUG procvamp] Initialised logging system
[2025-03-05T00:58:46Z DEBUG procvamp] Initialised logging system
[2025-03-05T00:59:19Z DEBUG procvamp] Initialised logging system
[2025-03-05T00:59:53Z DEBUG procvamp] Initialised logging system
[2025-03-05T01:00:11Z DEBUG procvamp] Initialised logging system
[2025-03-05T01:02:33Z DEBUG procvamp] Initialised logging system
[2025-03-05T01:03:31Z DEBUG procvamp] Initialised logging system
[2025-03-05T01:06:07Z DEBUG procvamp] Initialised logging system
[2025-03-05T01:08:44Z DEBUG procvamp] Initialised logging system
[2025-03-05T01:12:07Z DEBUG procvamp] Initialised logging system
[2025-03-05T01:12:28Z DEBUG procvamp] Initialised logging system
[2025-03-05T01:12:33Z DEBUG procvamp] Initialised logging system
[2025-03-05T01:50:50Z DEBUG procvamp] Initialised logging system
[2025-03-05T01:51:37Z DEBUG procvamp] Initialised logging system
[2025-03-05T01:51:53Z DEBUG procvamp] Initialised logging system
[2025-03-05T01:59:54Z DEBUG procvamp] Initialised logging system
[2025-03-05T02:00:08Z DEBUG procvamp] Initialised logging system
[2025-03-05T02:00:25Z DEBUG procvamp] Initialised logging system
[2025-03-05T03:04:42Z DEBUG procvamp] Initialised logging system
[2025-03-05T03:11:43Z DEBUG procvamp] Initialised logging system
[2025-03-05T03:16:27Z DEBUG procvamp] Initialised logging system
[2025-03-05T03:19:03Z DEBUG procvamp] Initialised logging system
[2025-03-05T03:21:16Z DEBUG procvamp] Initialised logging system
[2025-03-05T03:27:21Z DEBUG procvamp] Initialised logging system
[2025-03-05T03:31:14Z DEBUG procvamp] Initialised logging system
[2025-03-05T03:35:32Z DEBUG procvamp] Initialised logging system
[2025-03-05T03:53:45Z DEBUG procvamp] Initialised logging system
[2025-03-05T04:19:15Z DEBUG procvamp] Initialised logging system
[2025-03-05T04:20:32Z DEBUG procvamp] Initialised logging system
[2025-03-05T04:20:57Z DEBUG procvamp] Initialised logging system
[2025-03-05T04:28:04Z DEBUG procvamp] Initialised logging system
[2025-03-05T04:28:26Z DEBUG procvamp] Initialised logging system
[2025-03-05T04:41:34Z DEBUG procvamp] Initialised logging system
[2025-03-05T04:52:20Z DEBUG procvamp] Initialised logging system
[2025-03-05T05:02:34Z DEBUG procvamp] Initialised logging system
[2025-03-05T05:07:14Z DEBUG procvamp] Initialised logging system
[2025-03-05T05:11:25Z DEBUG procvamp] Initialised logging system
[2025-03-05T05:14:31Z DEBUG procvamp] Initialised logging system
[2025-03-05T05:14:50Z DEBUG procvamp] Initialised logging system
[2025-03-05T05:17:14Z DEBUG procvamp] Initialised logging system
[2025-03-05T05:20:36Z DEBUG procvamp] Initialised logging system
[2025-03-05T05:31:40Z DEBUG procvamp] Initialised logging system
[2025-03-07T03:39:49Z DEBUG procvamp] Initialised logging system
[2025-03-07T03:40:16Z DEBUG procvamp] Initialised logging system
[2025-03-07T03:43:55Z DEBUG procvamp] Initialised logging system
[2025-03-07T03:51:47Z DEBUG procvamp] Initialised logging system
[2025-03-07T03:52:14Z DEBUG procvamp] Initialised logging system
[2025-03-07T03:52:44Z DEBUG procvamp] Initialised logging system
[2025-03-07T03:53:01Z DEBUG procvamp] Initialised logging system
[2025-03-07T03:53:22Z DEBUG procvamp] Initialised logging system
[2025-03-07T03:53:37Z DEBUG procvamp] Initialised logging system
[2025-03-07T03:54:05Z DEBUG procvamp] Initialised logging system
[2025-03-07T03:55:00Z DEBUG procvamp] Initialised logging system
[2025-03-07T03:55:17Z DEBUG procvamp] Initialised logging system
[2025-03-07T03:55:32Z DEBUG procvamp] Initialised logging system
[2025-03-07T03:55:49Z DEBUG procvamp] Initialised logging system
[2025-03-07T03:56:54Z DEBUG procvamp] Initialised logging system
[2025-03-07T03:57:26Z DEBUG procvamp] Initialised logging system
[2025-03-07T03:57:59Z DEBUG procvamp] Initialised logging system
[2025-03-07T03:58:19Z DEBUG procvamp] Initialised logging system
[2025-03-07T03:59:25Z DEBUG procvamp] Initialised logging system
[2025-03-07T03:59:58Z DEBUG procvamp] Initialised logging system
[2025-03-07T04:00:42Z DEBUG procvamp] Initialised logging system
[2025-03-07T04:01:05Z DEBUG procvamp] Initialised logging system
[2025-03-07T04:01:23Z DEBUG procvamp] Initialised logging system
[2025-03-07T04:04:23Z DEBUG procvamp] Initialised logging system
[2025-03-07T04:07:42Z DEBUG procvamp] Initialised logging system
[2025-03-07T04:08:23Z DEBUG procvamp] Initialised logging system
[2025-03-07T04:10:30Z DEBUG procvamp] Initialised logging system
[2025-03-08T00:11:15Z DEBUG procvamp] Initialised logging system
[2025-03-08T00:11:22Z ERROR procvamp::log::log] panicked at src\gui\windows\imports_view\imports_view.rs:107:60:
called `Result::unwrap()` on an `Err` value: Module not found
[2025-03-08T00:14:03Z DEBUG procvamp] Initialised logging system
[2025-03-08T00:14:10Z ERROR procvamp::log::log] panicked at src\gui\windows\imports_view\imports_view.rs:107:60:
called `Result::unwrap()` on an `Err` value: Module win32u.dll not found
[2025-03-08T00:14:16Z DEBUG procvamp] Initialised logging system
[2025-03-08T00:14:29Z ERROR procvamp::log::log] panicked at src\gui\windows\imports_view\imports_view.rs:107:60:
called `Result::unwrap()` on an `Err` value: Module procvamp.exe not found
[2025-03-08T00:14:33Z DEBUG procvamp] Initialised logging system
[2025-03-08T01:18:09Z DEBUG procvamp] Initialised logging system
[2025-03-08T01:25:35Z DEBUG procvamp] Initialised logging system
[2025-03-08T01:26:28Z DEBUG procvamp] Initialised logging system
[2025-03-08T01:36:53Z DEBUG procvamp] Initialised logging system
[2025-03-08T01:38:43Z DEBUG procvamp] Initialised logging system
[2025-03-08T01:39:03Z DEBUG procvamp] Initialised logging system
[2025-03-08T01:41:13Z DEBUG procvamp] Initialised logging system
[2025-03-08T01:41:18Z ERROR procvamp::log::log] panicked at src\gui\windows\imports_view\imports_view.rs:63:63:
called `Result::unwrap()` on an `Err` value: PKBuffer error: bad alignment: expected 4-byte alignment, but alignment is off by 2

Caused by:
    bad alignment: expected 4-byte alignment, but alignment is off by 2
[2025-03-08T01:41:26Z DEBUG procvamp] Initialised logging system
[2025-03-08T01:41:32Z ERROR procvamp::log::log] panicked at src\gui\windows\imports_view\imports_view.rs:63:63:
called `Result::unwrap()` on an `Err` value: PKBuffer error: bad alignment: expected 4-byte alignment, but alignment is off by 2

Caused by:
    bad alignment: expected 4-byte alignment, but alignment is off by 2
[2025-03-08T23:52:57Z DEBUG procvamp] Initialised logging system
[2025-03-08T23:56:22Z DEBUG procvamp] Initialised logging system
[2025-03-08T23:58:50Z DEBUG procvamp] Initialised logging system
[2025-03-08T23:59:50Z DEBUG procvamp] Initialised logging system
[2025-03-09T00:01:27Z DEBUG procvamp] Initialised logging system
[2025-03-09T00:02:50Z DEBUG procvamp] Initialised logging system
[2025-03-09T00:03:14Z DEBUG procvamp] Initialised logging system
[2025-03-09T00:03:32Z DEBUG procvamp] Initialised logging system
[2025-03-09T00:03:51Z DEBUG procvamp] Initialised logging system
[2025-03-09T00:07:45Z DEBUG procvamp] Initialised logging system
[2025-03-09T00:08:18Z DEBUG procvamp] Initialised logging system
[2025-03-09T00:11:23Z DEBUG procvamp] Initialised logging system
[2025-03-09T00:12:18Z DEBUG procvamp] Initialised logging system
[2025-03-09T03:40:21Z DEBUG procvamp] Initialised logging system
[2025-03-09T04:23:07Z DEBUG procvamp] Initialised logging system
[2025-03-09T04:23:15Z ERROR procvamp::log::log] panicked at src\gui\windows\imports_view\imports_view.rs:199:66:
called `Option::unwrap()` on a `None` value
[2025-03-09T04:27:24Z DEBUG procvamp] Initialised logging system
[2025-03-09T04:27:34Z ERROR procvamp::log::log] panicked at src\gui\windows\imports_view\imports_view.rs:199:66:
called `Option::unwrap()` on a `None` value
[2025-03-09T04:27:42Z DEBUG procvamp] Initialised logging system
[2025-03-09T04:28:32Z DEBUG procvamp] Initialised logging system
[2025-03-09T04:28:38Z ERROR procvamp::log::log] panicked at src\gui\windows\imports_view\imports_view.rs:209:66:
called `Result::unwrap()` on an `Err` value: Only part of a ReadProcessMemory or WriteProcessMemory request was completed. (0x8007012B)
[2025-04-29T17:18:54Z DEBUG procvamp] Initialised logging system
[2025-04-29T17:19:13Z ERROR procvamp::log::log] panicked at src\gui\windows\imports_view\imports_view.rs:209:66:
called `Result::unwrap()` on an `Err` value: Only part of a ReadProcessMemory or WriteProcessMemory request was completed. (0x8007012B)
[2025-04-29T17:49:13Z DEBUG procvamp] Initialised logging system
[2025-04-29T17:49:31Z ERROR procvamp::log::log] panicked at src\gui\windows\imports_view\imports_view.rs:209:66:
called `Result::unwrap()` on an `Err` value: Only part of a ReadProcessMemory or WriteProcessMemory request was completed. (0x8007012B)
[2025-04-29T17:55:14Z DEBUG procvamp] Initialised logging system
[2025-04-29T18:37:59Z DEBUG procvamp] Initialised logging system
[2025-04-29T18:38:23Z DEBUG procvamp] Initialised logging system
[2025-04-29T18:38:47Z DEBUG procvamp] Initialised logging system
[2025-04-29T18:38:56Z DEBUG procvamp] Initialised logging system
[2025-04-29T18:38:57Z DEBUG procvamp] Initialised logging system
[2025-04-29T18:44:30Z DEBUG procvamp] Initialised logging system
[2025-04-29T18:44:56Z DEBUG procvamp] Initialised logging system
[2025-04-29T18:45:35Z DEBUG procvamp] Initialised logging system
[2025-04-29T18:45:50Z DEBUG procvamp] Initialised logging system
[2025-04-29T20:52:20Z DEBUG procvamp] Initialised logging system
[2025-04-29T20:53:26Z DEBUG procvamp] Initialised logging system
[2025-04-29T20:54:23Z DEBUG procvamp] Initialised logging system
[2025-04-29T21:03:02Z DEBUG procvamp] Initialised logging system
[2025-04-29T21:03:21Z DEBUG procvamp] Initialised logging system
[2025-04-29T21:08:09Z DEBUG procvamp] Initialised logging system
[2025-04-29T21:59:10Z DEBUG procvamp] Initialised logging system
[2025-04-29T21:59:28Z DEBUG procvamp] Initialised logging system
[2025-04-29T22:03:21Z DEBUG procvamp] Initialised logging system
[2025-04-29T22:04:19Z DEBUG procvamp] Initialised logging system
[2025-04-29T22:04:42Z DEBUG procvamp] Initialised logging system
[2025-04-29T22:05:16Z DEBUG procvamp] Initialised logging system
[2025-04-29T22:07:45Z DEBUG procvamp] Initialised logging system
[2025-04-30T17:22:07Z DEBUG procvamp] Initialised logging system
[2025-04-30T17:53:12Z DEBUG procvamp] Initialised logging system
[2025-04-30T17:55:01Z DEBUG procvamp] Initialised logging system
[2025-04-30T17:55:26Z DEBUG procvamp] Initialised logging system
[2025-04-30T17:55:47Z DEBUG procvamp] Initialised logging system
[2025-04-30T17:56:45Z DEBUG procvamp] Initialised logging system
[2025-04-30T19:50:19Z DEBUG procvamp] Initialised logging system
[2025-04-30T19:56:54Z DEBUG procvamp] Initialised logging system
[2025-04-30T21:00:11Z DEBUG procvamp] Initialised logging system
[2025-04-30T21:09:35Z DEBUG procvamp] Initialised logging system
[2025-04-30T21:10:45Z DEBUG procvamp] Initialised logging system
[2025-04-30T22:11:43Z DEBUG procvamp] Initialised logging system
[2025-05-01T03:30:17Z DEBUG procvamp] Initialised logging system
[2025-05-01T05:26:07Z DEBUG procvamp] Initialised logging system
[2025-05-01T05:28:48Z DEBUG procvamp] Initialised logging system
[2025-05-01T05:32:30Z DEBUG procvamp] Initialised logging system
[2025-05-01T05:32:50Z DEBUG procvamp] Initialised logging system
[2025-05-01T05:32:59Z DEBUG procvamp] Initialised logging system
[2025-05-02T20:08:02Z DEBUG procvamp] Initialised logging system
[2025-05-02T23:29:00Z DEBUG procvamp] Initialised logging system
[2025-05-03T00:00:35Z DEBUG procvamp] Initialised logging system
[2025-05-03T00:02:20Z DEBUG procvamp] Initialised logging system
[2025-05-03T00:03:22Z DEBUG procvamp] Initialised logging system
[2025-05-03T00:42:21Z DEBUG procvamp] Initialised logging system
[2025-05-03T00:47:41Z DEBUG procvamp] Initialised logging system
[2025-05-03T00:53:15Z DEBUG procvamp] Initialised logging system
[2025-05-03T00:54:57Z DEBUG procvamp] Initialised logging system
[2025-05-03T00:56:23Z DEBUG procvamp] Initialised logging system
[2025-05-03T00:57:41Z DEBUG procvamp] Initialised logging system
[2025-05-03T00:59:21Z DEBUG procvamp] Initialised logging system
[2025-05-03T01:03:39Z DEBUG procvamp] Initialised logging system
[2025-05-03T01:09:11Z DEBUG procvamp] Initialised logging system
[2025-05-03T01:09:40Z DEBUG procvamp] Initialised logging system
[2025-05-03T01:10:15Z DEBUG procvamp] Initialised logging system
[2025-05-03T01:11:00Z DEBUG procvamp] Initialised logging system
[2025-05-03T01:12:41Z DEBUG procvamp] Initialised logging system
[2025-05-03T01:15:06Z DEBUG procvamp] Initialised logging system
[2025-05-03T01:23:04Z DEBUG procvamp] Initialised logging system
[2025-05-03T01:24:34Z DEBUG procvamp] Initialised logging system
[2025-05-03T01:42:38Z DEBUG procvamp] Initialised logging system
[2025-05-03T01:43:30Z DEBUG procvamp] Initialised logging system
[2025-05-03T01:44:09Z DEBUG procvamp] Initialised logging system
[2025-05-03T01:45:09Z DEBUG procvamp] Initialised logging system
[2025-05-03T01:47:34Z DEBUG procvamp] Initialised logging system
[2025-05-03T01:48:04Z DEBUG procvamp] Initialised logging system
[2025-05-03T01:50:48Z DEBUG procvamp] Initialised logging system
[2025-05-03T01:53:20Z DEBUG procvamp] Initialised logging system
[2025-05-03T01:58:38Z DEBUG procvamp] Initialised logging system
[2025-05-03T01:59:03Z DEBUG procvamp] Initialised logging system
[2025-05-03T02:01:37Z DEBUG procvamp] Initialised logging system
[2025-05-03T02:02:57Z DEBUG procvamp] Initialised logging system
[2025-05-03T02:07:42Z DEBUG procvamp] Initialised logging system
[2025-05-03T02:11:01Z DEBUG procvamp] Initialised logging system
[2025-05-03T02:11:14Z ERROR procvamp::log::log] panicked at C:\Users\satoshi\.rustup\toolchains\stable-x86_64-pc-windows-msvc\lib/rustlib/src/rust\library\core\src\num\f32.rs:1410:9:
min > max, or either was NaN. min = 54.880005, max = 54.88
[2025-05-03T02:13:25Z DEBUG procvamp] Initialised logging system
[2025-05-03T02:14:04Z DEBUG procvamp] Initialised logging system
[2025-05-03T02:15:13Z DEBUG procvamp] Initialised logging system
[2025-05-03T02:21:02Z DEBUG procvamp] Initialised logging system
[2025-05-03T02:45:30Z DEBUG procvamp] Initialised logging system
[2025-05-03T03:05:47Z DEBUG procvamp] Initialised logging system
[2025-05-03T03:11:04Z DEBUG procvamp] Initialised logging system
[2025-05-03T05:51:14Z DEBUG procvamp] Initialised logging system
[2025-05-03T06:02:57Z DEBUG procvamp] Initialised logging system
[2025-05-03T06:07:13Z DEBUG procvamp] Initialised logging system
[2025-05-03T06:19:51Z DEBUG procvamp] Initialised logging system
[2025-05-03T06:20:19Z DEBUG procvamp] Initialised logging system
[2025-05-03T06:28:52Z DEBUG procvamp] Initialised logging system
[2025-05-03T06:30:27Z DEBUG procvamp] Initialised logging system
[2025-05-03T06:31:11Z DEBUG procvamp] Initialised logging system
[2025-05-03T06:34:06Z DEBUG procvamp] Initialised logging system
[2025-05-03T06:35:31Z DEBUG procvamp] Initialised logging system
[2025-05-03T07:20:49Z DEBUG procvamp] Initialised logging system
[2025-05-03T07:23:49Z DEBUG procvamp] Initialised logging system
[2025-05-04T01:01:16Z DEBUG procvamp] Initialised logging system
[2025-05-04T01:08:44Z DEBUG procvamp] Initialised logging system
[2025-05-04T01:12:46Z DEBUG procvamp] Initialised logging system
[2025-05-04T01:22:59Z DEBUG procvamp] Initialised logging system
[2025-05-04T01:25:42Z DEBUG procvamp] Initialised logging system
[2025-05-04T01:27:32Z DEBUG procvamp] Initialised logging system
[2025-05-04T01:33:55Z DEBUG procvamp] Initialised logging system
[2025-05-04T19:06:03Z DEBUG procvamp] Initialised logging system
[2025-05-04T19:11:34Z DEBUG procvamp] Initialised logging system
[2025-05-04T20:14:31Z DEBUG procvamp] Initialised logging system
[2025-05-04T20:15:00Z ERROR procvamp::log::log] panicked at src\gui\main\toolbar\toolbar.rs:34:61:
called `Result::unwrap()` on an `Err` value: Access is denied. (0x80070005)
[2025-05-04T20:15:06Z DEBUG procvamp] Initialised logging system
[2025-05-04T20:16:24Z DEBUG procvamp] Initialised logging system
[2025-05-04T20:19:31Z DEBUG procvamp] Initialised logging system
[2025-05-04T20:20:01Z DEBUG procvamp] Initialised logging system
[2025-05-04T20:21:34Z DEBUG procvamp] Initialised logging system
[2025-05-04T20:45:15Z DEBUG procvamp] Initialised logging system
[2025-05-04T20:46:39Z DEBUG procvamp] Initialised logging system
[2025-05-04T20:48:34Z DEBUG procvamp] Initialised logging system
[2025-05-04T21:09:34Z DEBUG procvamp] Initialised logging system
[2025-05-04T21:10:42Z DEBUG procvamp] Initialised logging system
[2025-05-04T21:12:58Z DEBUG procvamp] Initialised logging system
[2025-05-06T21:00:04Z DEBUG procvamp] Initialised logging system
[2025-05-06T21:15:57Z DEBUG procvamp] Initialised logging system
[2025-05-06T21:16:26Z DEBUG procvamp] Initialised logging system
[2025-05-06T21:22:28Z DEBUG procvamp] Initialised logging system
[2025-05-06T22:02:44Z DEBUG procvamp] Initialised logging system
[2025-05-06T22:16:12Z DEBUG procvamp] Initialised logging system
[2025-05-06T22:30:50Z DEBUG procvamp] Initialised logging system
[2025-05-06T22:33:04Z DEBUG procvamp] Initialised logging system
[2025-05-06T22:34:50Z DEBUG procvamp] Initialised logging system
[2025-05-06T22:38:51Z DEBUG procvamp] Initialised logging system
[2025-05-06T22:49:29Z DEBUG procvamp] Initialised logging system
[2025-05-06T22:51:32Z DEBUG procvamp] Initialised logging system
[2025-05-06T22:56:15Z DEBUG procvamp] Initialised logging system
[2025-05-06T22:57:13Z DEBUG procvamp] Initialised logging system
[2025-05-06T22:57:41Z DEBUG procvamp] Initialised logging system
[2025-05-06T22:58:09Z DEBUG procvamp] Initialised logging system
[2025-05-06T22:58:45Z DEBUG procvamp] Initialised logging system
[2025-05-06T22:59:40Z DEBUG procvamp] Initialised logging system
[2025-05-06T23:00:18Z DEBUG procvamp] Initialised logging system
[2025-05-07T00:25:25Z DEBUG procvamp] Initialised logging system
[2025-05-07T00:25:54Z DEBUG procvamp] Initialised logging system
[2025-05-07T00:27:46Z DEBUG procvamp] Initialised logging system
[2025-05-07T00:28:50Z DEBUG procvamp] Initialised logging system
[2025-05-07T01:12:55Z DEBUG procvamp] Initialised logging system
[2025-05-07T01:15:35Z DEBUG procvamp] Initialised logging system
[2025-05-07T01:17:44Z DEBUG procvamp] Initialised logging system
[2025-05-07T01:19:23Z DEBUG procvamp] Initialised logging system
[2025-05-07T01:24:57Z DEBUG procvamp] Initialised logging system
[2025-05-07T01:32:34Z DEBUG procvamp] Initialised logging system
[2025-05-07T01:49:31Z DEBUG procvamp] Initialised logging system
[2025-05-07T01:49:37Z DEBUG procvamp] Initialised logging system
[2025-05-07T01:51:40Z DEBUG procvamp] Initialised logging system
[2025-05-07T01:51:48Z ERROR procvamp::log::log] panicked at src\gui\windows\imports_view\imports_view.rs:222:66:
called `Result::unwrap()` on an `Err` value: Only part of a ReadProcessMemory or WriteProcessMemory request was completed. (0x8007012B)
[2025-05-07T01:52:34Z DEBUG procvamp] Initialised logging system
[2025-05-07T01:52:43Z ERROR procvamp::log::log] panicked at src\gui\windows\imports_view\imports_view.rs:222:66:
called `Result::unwrap()` on an `Err` value: Only part of a ReadProcessMemory or WriteProcessMemory request was completed. (0x8007012B)
[2025-05-07T01:53:36Z DEBUG procvamp] Initialised logging system
[2025-05-07T01:58:59Z DEBUG procvamp] Initialised logging system
[2025-05-07T02:01:07Z DEBUG procvamp] Initialised logging system
[2025-05-12T19:15:15Z DEBUG procvamp] Initialised logging system
[2025-05-12T19:33:56Z DEBUG procvamp] Initialised logging system
[2025-05-13T08:34:49Z DEBUG procvamp] Initialised logging system
[2025-05-13T09:19:05Z DEBUG procvamp] Initialised logging system
[2025-05-13T13:14:22Z DEBUG procvamp] Initialised logging system
[2025-05-13T14:02:12Z DEBUG procvamp] Initialised logging system
[2025-05-13T14:35:46Z DEBUG procvamp] Initialised logging system
